\BOOKMARK [0][-]{chapter.1}{Pr\351ambule}{}% 1
\BOOKMARK [1][-]{section.1.1}{Remerciements}{chapter.1}% 2
\BOOKMARK [1][-]{section.1.2}{R\351sum\351}{chapter.1}% 3
\BOOKMARK [0][-]{chapter.2}{Introduction}{}% 4
\BOOKMARK [0][-]{chapter.3}{Optimisation \340 objectif unique}{}% 5
\BOOKMARK [1][-]{section.3.1}{Algorithme}{chapter.3}% 6
\BOOKMARK [2][-]{subsection.3.1.1}{Principe}{section.3.1}% 7
\BOOKMARK [1][-]{section.3.2}{Optimisation unidimensionnelle / multidimensionnelle}{chapter.3}% 8
\BOOKMARK [1][-]{section.3.3}{Influence du param\351trage }{chapter.3}% 9
\BOOKMARK [0][-]{chapter.4}{Optimisation \340 objectifs multiples}{}% 10
\BOOKMARK [1][-]{section.4.1}{Algorithme - NSGAII}{chapter.4}% 11
\BOOKMARK [2][-]{subsection.4.1.1}{Principe}{section.4.1}% 12
\BOOKMARK [1][-]{section.4.2}{Optimisation multidimensionnelle / unidimensionnelle}{chapter.4}% 13
\BOOKMARK [1][-]{section.4.3}{Influence du param\351trage}{chapter.4}% 14
\BOOKMARK [1][-]{section.4.4}{NSGA III}{chapter.4}% 15
\BOOKMARK [0][-]{chapter.5}{Conclusion}{}% 16
\BOOKMARK [0][-]{appendix.A}{Bibliographie}{}% 17
\BOOKMARK [0][-]{appendix.B}{Annexes}{}% 18
\BOOKMARK [1][-]{subsection.B.0.1}{Programme}{appendix.B}% 19
\BOOKMARK [2][-]{subsection.B.0.2}{Figures}{subsection.B.0.1}% 20
